D:\CODE\VS\PEANALYZER\PEANALYZER\X64\DEBUG\MAIN.OBJ
D:\CODE\VS\PEANALYZER\PEANALYZER\X64\DEBUG\VC110.PDB
D:\CODE\VS\PEANALYZER\X64\DEBUG\PEANALYZER.ILK
D:\CODE\VS\PEANALYZER\X64\DEBUG\PEANALYZER.EXE
D:\CODE\VS\PEANALYZER\X64\DEBUG\PEANALYZER.PDB
D:\CODE\VS\PEANALYZER\PEANALYZER\X64\DEBUG\RES.RES
D:\Code\vs\PEAnalyzer\PEAnalyzer\x64\Debug\main.obj
D:\Code\vs\PEAnalyzer\PEAnalyzer\x64\Debug\cl.command.1.tlog
D:\Code\vs\PEAnalyzer\PEAnalyzer\x64\Debug\CL.read.1.tlog
D:\Code\vs\PEAnalyzer\PEAnalyzer\x64\Debug\CL.write.1.tlog
D:\Code\vs\PEAnalyzer\PEAnalyzer\x64\Debug\link-cvtres.read.1.tlog
D:\Code\vs\PEAnalyzer\PEAnalyzer\x64\Debug\link-cvtres.write.1.tlog
D:\Code\vs\PEAnalyzer\PEAnalyzer\x64\Debug\link-rc.read.1.tlog
D:\Code\vs\PEAnalyzer\PEAnalyzer\x64\Debug\link-rc.write.1.tlog
D:\Code\vs\PEAnalyzer\PEAnalyzer\x64\Debug\link.command.1.tlog
D:\Code\vs\PEAnalyzer\PEAnalyzer\x64\Debug\link.read.1.tlog
D:\Code\vs\PEAnalyzer\PEAnalyzer\x64\Debug\link.write.1.tlog
D:\Code\vs\PEAnalyzer\PEAnalyzer\x64\Debug\rc.command.1.tlog
D:\Code\vs\PEAnalyzer\PEAnalyzer\x64\Debug\rc.read.1.tlog
D:\Code\vs\PEAnalyzer\PEAnalyzer\x64\Debug\rc.write.1.tlog
D:\Code\vs\PEAnalyzer\PEAnalyzer\x64\Debug\res.res
D:\Code\vs\PEAnalyzer\PEAnalyzer\x64\Debug\vc110.idb
D:\Code\vs\PEAnalyzer\PEAnalyzer\x64\Debug\vc110.pdb
D:\Code\vs\PEAnalyzer\x64\Debug\PEAnalyzer.pdb
D:\Code\vs\PEAnalyzer\x64\Debug\PEAnalyzer.exe
D:\Code\vs\PEAnalyzer\x64\Debug\PEAnalyzer.ilk
